-------------------------------------------------------------------------------
Test set: br.com.maddytec.cliente.ClienteApplicationTests
-------------------------------------------------------------------------------
Tests run: 1, Failures: 0, Errors: 1, Skipped: 0, Time elapsed: 3.47 s <<< FAILURE! - in br.com.maddytec.cliente.ClienteApplicationTests
contextLoads  Time elapsed: 0.008 s  <<< ERROR!
java.lang.IllegalStateException: Failed to load ApplicationContext
Caused by: org.springframework.beans.factory.BeanCreationException: Error creating bean with name 'entityManagerFactory' defined in class path resource [org/springframework/boot/autoconfigure/orm/jpa/HibernateJpaConfiguration.class]: Invocation of init method failed; nested exception is org.hibernate.AnnotationException: No identifier specified for entity: br.com.entity.BuscaCep
Caused by: org.hibernate.AnnotationException: No identifier specified for entity: br.com.entity.BuscaCep

